<?xml version="1.0" ?>
<!DOCTYPE coverage SYSTEM "http://cobertura.sourceforge.net/xml/coverage-04.dtd">
<coverage lines-valid="809" lines-covered="448" line-rate="0.5537" branches-valid="421" branches-covered="210" branch-rate="0.4988" timestamp="1764448577924" complexity="0" version="0.1">
  <sources>
    <source>/Users/omer/projects/suites/codemod</source>
  </sources>
  <packages>
    <package name="src" line-rate="0" branch-rate="0">
      <classes>
        <class name="cli.ts" filename="src/cli.ts" line-rate="0" branch-rate="0">
          <methods>
            <method name="(anonymous_0)" hits="0" signature="()V">
              <lines>
                <line number="34" hits="0"/>
              </lines>
            </method>
            <method name="(anonymous_1)" hits="0" signature="()V">
              <lines>
                <line number="44" hits="0"/>
              </lines>
            </method>
          </methods>
          <lines>
            <line number="1" hits="0" branch="false"/>
            <line number="2" hits="0" branch="false"/>
            <line number="4" hits="0" branch="false"/>
            <line number="5" hits="0" branch="false"/>
            <line number="6" hits="0" branch="false"/>
            <line number="13" hits="0" branch="false"/>
            <line number="15" hits="0" branch="false"/>
            <line number="39" hits="0" branch="false"/>
            <line number="42" hits="0" branch="true" condition-coverage="0% (0/1)"/>
            <line number="43" hits="0" branch="false"/>
            <line number="44" hits="0" branch="false"/>
            <line number="45" hits="0" branch="false"/>
            <line number="46" hits="0" branch="false"/>
            <line number="48" hits="0" branch="false"/>
            <line number="55" hits="0" branch="true" condition-coverage="0% (0/4)"/>
            <line number="57" hits="0" branch="false"/>
            <line number="58" hits="0" branch="true" condition-coverage="0% (0/2)"/>
            <line number="60" hits="0" branch="false"/>
            <line number="61" hits="0" branch="true" condition-coverage="0% (0/2)"/>
            <line number="64" hits="0" branch="false"/>
            <line number="65" hits="0" branch="false"/>
            <line number="66" hits="0" branch="false"/>
            <line number="70" hits="0" branch="false"/>
            <line number="71" hits="0" branch="true" condition-coverage="0% (0/2)"/>
            <line number="72" hits="0" branch="true" condition-coverage="0% (0/1)"/>
            <line number="73" hits="0" branch="false"/>
            <line number="77" hits="0" branch="false"/>
            <line number="78" hits="0" branch="true" condition-coverage="0% (0/1)"/>
            <line number="79" hits="0" branch="false"/>
            <line number="80" hits="0" branch="false"/>
            <line number="81" hits="0" branch="false"/>
            <line number="84" hits="0" branch="false"/>
            <line number="86" hits="0" branch="true" condition-coverage="0% (0/3)"/>
            <line number="87" hits="0" branch="false"/>
            <line number="91" hits="0" branch="false"/>
            <line number="93" hits="0" branch="true" condition-coverage="0% (0/1)"/>
            <line number="94" hits="0" branch="false"/>
            <line number="97" hits="0" branch="true" condition-coverage="0% (0/3)"/>
            <line number="98" hits="0" branch="false"/>
            <line number="101" hits="0" branch="false"/>
            <line number="104" hits="0" branch="false"/>
            <line number="106" hits="0" branch="false"/>
            <line number="107" hits="0" branch="false"/>
            <line number="108" hits="0" branch="false"/>
            <line number="110" hits="0" branch="true" condition-coverage="0% (0/3)"/>
            <line number="111" hits="0" branch="false"/>
            <line number="114" hits="0" branch="false"/>
            <line number="120" hits="0" branch="false"/>
          </lines>
        </class>
        <class name="runner.ts" filename="src/runner.ts" line-rate="0" branch-rate="0">
          <methods>
            <method name="runTransform" hits="0" signature="()V">
              <lines>
                <line number="16" hits="0"/>
              </lines>
            </method>
            <method name="(anonymous_7)" hits="0" signature="()V">
              <lines>
                <line number="23" hits="0"/>
              </lines>
            </method>
            <method name="(anonymous_8)" hits="0" signature="()V">
              <lines>
                <line number="33" hits="0"/>
              </lines>
            </method>
            <method name="(anonymous_9)" hits="0" signature="()V">
              <lines>
                <line number="34" hits="0"/>
              </lines>
            </method>
            <method name="(anonymous_10)" hits="0" signature="()V">
              <lines>
                <line number="98" hits="0"/>
              </lines>
            </method>
            <method name="(anonymous_11)" hits="0" signature="()V">
              <lines>
                <line number="101" hits="0"/>
              </lines>
            </method>
            <method name="(anonymous_12)" hits="0" signature="()V">
              <lines>
                <line number="104" hits="0"/>
              </lines>
            </method>
            <method name="(anonymous_13)" hits="0" signature="()V">
              <lines>
                <line number="107" hits="0"/>
              </lines>
            </method>
            <method name="transformFile" hits="0" signature="()V">
              <lines>
                <line number="127" hits="0"/>
              </lines>
            </method>
            <method name="(anonymous_15)" hits="0" signature="()V">
              <lines>
                <line number="160" hits="0"/>
              </lines>
            </method>
            <method name="(anonymous_16)" hits="0" signature="()V">
              <lines>
                <line number="164" hits="0"/>
              </lines>
            </method>
            <method name="(anonymous_17)" hits="0" signature="()V">
              <lines>
                <line number="168" hits="0"/>
              </lines>
            </method>
            <method name="createEmptySummary" hits="0" signature="()V">
              <lines>
                <line number="204" hits="0"/>
              </lines>
            </method>
          </methods>
          <lines>
            <line number="1" hits="0" branch="false"/>
            <line number="2" hits="0" branch="false"/>
            <line number="11" hits="0" branch="false"/>
            <line number="16" hits="0" branch="false"/>
            <line number="23" hits="0" branch="false"/>
            <line number="24" hits="0" branch="false"/>
            <line number="26" hits="0" branch="true" condition-coverage="0% (0/1)"/>
            <line number="27" hits="0" branch="false"/>
            <line number="30" hits="0" branch="false"/>
            <line number="32" hits="0" branch="false"/>
            <line number="33" hits="0" branch="false"/>
            <line number="34" hits="0" branch="true" condition-coverage="0% (0/6)"/>
            <line number="37" hits="0" branch="false"/>
            <line number="38" hits="0" branch="false"/>
            <line number="41" hits="0" branch="false"/>
            <line number="42" hits="0" branch="false"/>
            <line number="44" hits="0" branch="true" condition-coverage="0% (0/1)"/>
            <line number="45" hits="0" branch="false"/>
            <line number="46" hits="0" branch="false"/>
            <line number="47" hits="0" branch="false"/>
            <line number="50" hits="0" branch="false"/>
            <line number="51" hits="0" branch="false"/>
            <line number="53" hits="0" branch="false"/>
            <line number="56" hits="0" branch="false"/>
            <line number="57" hits="0" branch="false"/>
            <line number="58" hits="0" branch="false"/>
            <line number="59" hits="0" branch="false"/>
            <line number="60" hits="0" branch="false"/>
            <line number="62" hits="0" branch="false"/>
            <line number="63" hits="0" branch="false"/>
            <line number="64" hits="0" branch="false"/>
            <line number="66" hits="0" branch="true" condition-coverage="0% (0/1)"/>
            <line number="67" hits="0" branch="false"/>
            <line number="70" hits="0" branch="false"/>
            <line number="71" hits="0" branch="false"/>
            <line number="75" hits="0" branch="false"/>
            <line number="76" hits="0" branch="false"/>
            <line number="78" hits="0" branch="true" condition-coverage="0% (0/1)"/>
            <line number="79" hits="0" branch="true" condition-coverage="0% (0/2)"/>
            <line number="82" hits="0" branch="true" condition-coverage="0% (0/1)"/>
            <line number="83" hits="0" branch="true" condition-coverage="0% (0/2)"/>
            <line number="86" hits="0" branch="true" condition-coverage="0% (0/1)"/>
            <line number="87" hits="0" branch="true" condition-coverage="0% (0/2)"/>
            <line number="90" hits="0" branch="true" condition-coverage="0% (0/1)"/>
            <line number="91" hits="0" branch="true" condition-coverage="0% (0/2)"/>
            <line number="95" hits="0" branch="true" condition-coverage="0% (0/1)"/>
            <line number="96" hits="0" branch="false"/>
            <line number="97" hits="0" branch="false"/>
            <line number="98" hits="0" branch="false"/>
            <line number="99" hits="0" branch="true" condition-coverage="0% (0/1)"/>
            <line number="100" hits="0" branch="false"/>
            <line number="101" hits="0" branch="false"/>
            <line number="103" hits="0" branch="true" condition-coverage="0% (0/1)"/>
            <line number="104" hits="0" branch="false"/>
            <line number="106" hits="0" branch="true" condition-coverage="0% (0/1)"/>
            <line number="107" hits="0" branch="false"/>
            <line number="112" hits="0" branch="false"/>
            <line number="133" hits="0" branch="false"/>
            <line number="141" hits="0" branch="false"/>
            <line number="143" hits="0" branch="false"/>
            <line number="146" hits="0" branch="false"/>
            <line number="151" hits="0" branch="true" condition-coverage="0% (0/1)"/>
            <line number="152" hits="0" branch="false"/>
            <line number="153" hits="0" branch="false"/>
            <line number="156" hits="0" branch="false"/>
            <line number="159" hits="0" branch="true" condition-coverage="0% (0/1)"/>
            <line number="160" hits="0" branch="false"/>
            <line number="161" hits="0" branch="false"/>
            <line number="164" hits="0" branch="false"/>
            <line number="165" hits="0" branch="false"/>
            <line number="168" hits="0" branch="false"/>
            <line number="169" hits="0" branch="false"/>
            <line number="174" hits="0" branch="true" condition-coverage="0% (0/2)"/>
            <line number="175" hits="0" branch="false"/>
            <line number="176" hits="0" branch="false"/>
            <line number="177" hits="0" branch="false"/>
            <line number="178" hits="0" branch="false"/>
            <line number="179" hits="0" branch="false"/>
            <line number="180" hits="0" branch="false"/>
            <line number="181" hits="0" branch="true" condition-coverage="0% (0/2)"/>
            <line number="183" hits="0" branch="false"/>
            <line number="184" hits="0" branch="false"/>
            <line number="185" hits="0" branch="false"/>
            <line number="188" hits="0" branch="false"/>
            <line number="189" hits="0" branch="false"/>
            <line number="193" hits="0" branch="true" condition-coverage="0% (0/2)"/>
            <line number="194" hits="0" branch="false"/>
            <line number="195" hits="0" branch="false"/>
            <line number="198" hits="0" branch="false"/>
            <line number="205" hits="0" branch="false"/>
          </lines>
        </class>
        <class name="transform.ts" filename="src/transform.ts" line-rate="0" branch-rate="0">
          <methods>
            <method name="applyTransform" hits="0" signature="()V">
              <lines>
                <line number="18" hits="0"/>
              </lines>
            </method>
            <method name="checkNeedsMockedImport" hits="0" signature="()V">
              <lines>
                <line number="95" hits="0"/>
              </lines>
            </method>
            <method name="checkNeedsUnitReferenceImport" hits="0" signature="()V">
              <lines>
                <line number="102" hits="0"/>
              </lines>
            </method>
          </methods>
          <lines>
            <line number="1" hits="0" branch="false"/>
            <line number="3" hits="0" branch="false"/>
            <line number="4" hits="0" branch="false"/>
            <line number="5" hits="0" branch="false"/>
            <line number="6" hits="0" branch="false"/>
            <line number="7" hits="0" branch="false"/>
            <line number="8" hits="0" branch="false"/>
            <line number="9" hits="0" branch="false"/>
            <line number="10" hits="0" branch="false"/>
            <line number="12" hits="0" branch="false"/>
            <line number="18" hits="0" branch="false"/>
            <line number="23" hits="0" branch="true" condition-coverage="0% (0/1)"/>
            <line number="24" hits="0" branch="false"/>
            <line number="27" hits="0" branch="true" condition-coverage="0% (0/1)"/>
            <line number="28" hits="0" branch="false"/>
            <line number="36" hits="0" branch="false"/>
            <line number="37" hits="0" branch="false"/>
            <line number="39" hits="0" branch="false"/>
            <line number="45" hits="0" branch="false"/>
            <line number="55" hits="0" branch="false"/>
            <line number="58" hits="0" branch="false"/>
            <line number="62" hits="0" branch="false"/>
            <line number="66" hits="0" branch="false"/>
            <line number="70" hits="0" branch="false"/>
            <line number="74" hits="0" branch="false"/>
            <line number="77" hits="0" branch="false"/>
            <line number="82" hits="0" branch="true" condition-coverage="0% (0/6)"/>
            <line number="86" hits="0" branch="false"/>
            <line number="96" hits="0" branch="false"/>
            <line number="103" hits="0" branch="false"/>
          </lines>
        </class>
      </classes>
    </package>
    <package name="src.analyzers" line-rate="0.9722" branch-rate="0.8484">
      <classes>
        <class name="context-detector.ts" filename="src/analyzers/context-detector.ts" line-rate="1" branch-rate="1">
          <methods>
            <method name="detectSuitesContext" hits="23" signature="()V">
              <lines>
                <line number="7" hits="23"/>
              </lines>
            </method>
            <method name="needsMockedImport" hits="8" signature="()V">
              <lines>
                <line number="23" hits="8"/>
              </lines>
            </method>
            <method name="needsUnitReferenceImport" hits="7" signature="()V">
              <lines>
                <line number="37" hits="7"/>
              </lines>
            </method>
            <method name="analyzeContext" hits="3" signature="()V">
              <lines>
                <line number="45" hits="3"/>
              </lines>
            </method>
          </methods>
          <lines>
            <line number="7" hits="3" branch="false"/>
            <line number="9" hits="23" branch="false"/>
            <line number="12" hits="23" branch="false"/>
            <line number="15" hits="23" branch="false"/>
            <line number="17" hits="23" branch="true" condition-coverage="100% (3/3)"/>
            <line number="23" hits="3" branch="false"/>
            <line number="27" hits="8" branch="false"/>
            <line number="28" hits="8" branch="false"/>
            <line number="29" hits="8" branch="false"/>
            <line number="31" hits="8" branch="true" condition-coverage="100% (3/3)"/>
            <line number="37" hits="3" branch="false"/>
            <line number="39" hits="7" branch="true" condition-coverage="100% (2/2)"/>
            <line number="45" hits="3" branch="false"/>
            <line number="46" hits="3" branch="false"/>
          </lines>
        </class>
        <class name="retrieval-detector.ts" filename="src/analyzers/retrieval-detector.ts" line-rate="1" branch-rate="1">
          <methods>
            <method name="detectRetrievals" hits="65" signature="()V">
              <lines>
                <line number="10" hits="65"/>
              </lines>
            </method>
            <method name="(anonymous_1)" hits="61" signature="()V">
              <lines>
                <line number="24" hits="61"/>
              </lines>
            </method>
            <method name="isDependencyRetrieved" hits="2" signature="()V">
              <lines>
                <line number="49" hits="2"/>
              </lines>
            </method>
            <method name="detectRetrievalsFromSource" hits="2" signature="()V">
              <lines>
                <line number="61" hits="2"/>
              </lines>
            </method>
          </methods>
          <lines>
            <line number="2" hits="5" branch="false"/>
            <line number="10" hits="5" branch="false"/>
            <line number="14" hits="65" branch="false"/>
            <line number="17" hits="65" branch="false"/>
            <line number="25" hits="61" branch="false"/>
            <line number="28" hits="61" branch="true" condition-coverage="100% (1/1)"/>
            <line number="33" hits="60" branch="false"/>
            <line number="34" hits="60" branch="true" condition-coverage="100% (1/1)"/>
            <line number="35" hits="60" branch="false"/>
            <line number="36" hits="60" branch="true" condition-coverage="100% (1/1)"/>
            <line number="37" hits="60" branch="false"/>
            <line number="43" hits="65" branch="false"/>
            <line number="49" hits="5" branch="false"/>
            <line number="54" hits="2" branch="false"/>
            <line number="55" hits="2" branch="false"/>
            <line number="61" hits="5" branch="false"/>
            <line number="65" hits="2" branch="false"/>
            <line number="66" hits="2" branch="false"/>
          </lines>
        </class>
        <class name="stub-detector.ts" filename="src/analyzers/stub-detector.ts" line-rate="0.95" branch-rate="0.8112999999999999">
          <methods>
            <method name="detectStubUsageInMock" hits="36" signature="()V">
              <lines>
                <line number="8" hits="36"/>
              </lines>
            </method>
            <method name="analyzeAllMockConfigurations" hits="22" signature="()V">
              <lines>
                <line number="19" hits="22"/>
              </lines>
            </method>
            <method name="(anonymous_2)" hits="29" signature="()V">
              <lines>
                <line number="33" hits="29"/>
              </lines>
            </method>
            <method name="findPrecedingMockCall" hits="29" signature="()V">
              <lines>
                <line number="66" hits="29"/>
              </lines>
            </method>
            <method name="extractDependencyName" hits="29" signature="()V">
              <lines>
                <line number="93" hits="29"/>
              </lines>
            </method>
            <method name="doesMockUseStubs" hits="3" signature="()V">
              <lines>
                <line number="109" hits="3"/>
              </lines>
            </method>
            <method name="countStubsInSource" hits="5" signature="()V">
              <lines>
                <line number="121" hits="5"/>
              </lines>
            </method>
            <method name="(anonymous_7)" hits="20" signature="()V">
              <lines>
                <line number="125" hits="20"/>
              </lines>
            </method>
          </methods>
          <lines>
            <line number="2" hits="3" branch="false"/>
            <line number="8" hits="3" branch="false"/>
            <line number="12" hits="36" branch="false"/>
            <line number="19" hits="3" branch="false"/>
            <line number="23" hits="22" branch="false"/>
            <line number="26" hits="22" branch="false"/>
            <line number="35" hits="29" branch="false"/>
            <line number="37" hits="29" branch="true" condition-coverage="100% (1/1)"/>
            <line number="39" hits="29" branch="false"/>
            <line number="40" hits="29" branch="true" condition-coverage="75% (3/4)"/>
            <line number="42" hits="29" branch="true" condition-coverage="100% (1/1)"/>
            <line number="43" hits="29" branch="false"/>
            <line number="45" hits="29" branch="true" condition-coverage="100% (1/1)"/>
            <line number="47" hits="29" branch="true" condition-coverage="75% (3/4)"/>
            <line number="49" hits="29" branch="true" condition-coverage="100% (1/1)"/>
            <line number="50" hits="29" branch="false"/>
            <line number="51" hits="29" branch="false"/>
            <line number="58" hits="22" branch="false"/>
            <line number="70" hits="29" branch="false"/>
            <line number="72" hits="29" branch="true" condition-coverage="100% (1/1)"/>
            <line number="76" hits="29" branch="false"/>
            <line number="79" hits="29" branch="true" condition-coverage="100% (1/1)"/>
            <line number="83" hits="29" branch="false"/>
            <line number="87" hits="0" branch="false"/>
            <line number="94" hits="29" branch="true" condition-coverage="100% (1/1)"/>
            <line number="95" hits="24" branch="false"/>
            <line number="98" hits="5" branch="true" condition-coverage="66.66666666666666% (2/3)"/>
            <line number="99" hits="5" branch="false"/>
            <line number="100" hits="5" branch="true" condition-coverage="50% (1/2)"/>
            <line number="103" hits="0" branch="false"/>
            <line number="109" hits="3" branch="false"/>
            <line number="114" hits="3" branch="false"/>
            <line number="115" hits="3" branch="true" condition-coverage="100% (2/2)"/>
            <line number="121" hits="3" branch="false"/>
            <line number="122" hits="5" branch="false"/>
            <line number="123" hits="5" branch="false"/>
            <line number="125" hits="5" branch="false"/>
            <line number="126" hits="20" branch="true" condition-coverage="100% (3/3)"/>
            <line number="127" hits="10" branch="false"/>
            <line number="131" hits="5" branch="false"/>
          </lines>
        </class>
      </classes>
    </package>
    <package name="src.transforms" line-rate="0.768" branch-rate="0.5966">
      <classes>
        <class name="automock-to-suites.ts" filename="src/transforms/automock-to-suites.ts" line-rate="0.5957" branch-rate="0.30760000000000004">
          <methods>
            <method name="transform" hits="0" signature="()V">
              <lines>
                <line number="28" hits="0"/>
              </lines>
            </method>
            <method name="applyTransform" hits="13" signature="()V">
              <lines>
                <line number="87" hits="13"/>
              </lines>
            </method>
            <method name="checkNeedsMockedImport" hits="13" signature="()V">
              <lines>
                <line number="164" hits="13"/>
              </lines>
            </method>
            <method name="checkNeedsUnitReferenceImport" hits="13" signature="()V">
              <lines>
                <line number="171" hits="13"/>
              </lines>
            </method>
          </methods>
          <lines>
            <line number="15" hits="2" branch="false"/>
            <line number="16" hits="2" branch="false"/>
            <line number="17" hits="2" branch="false"/>
            <line number="18" hits="2" branch="false"/>
            <line number="19" hits="2" branch="false"/>
            <line number="20" hits="2" branch="false"/>
            <line number="21" hits="2" branch="false"/>
            <line number="22" hits="2" branch="false"/>
            <line number="28" hits="2" branch="false"/>
            <line number="29" hits="0" branch="false"/>
            <line number="30" hits="0" branch="false"/>
            <line number="33" hits="0" branch="true" condition-coverage="0% (0/3)"/>
            <line number="34" hits="0" branch="false"/>
            <line number="39" hits="0" branch="false"/>
            <line number="40" hits="0" branch="false"/>
            <line number="43" hits="0" branch="false"/>
            <line number="44" hits="0" branch="false"/>
            <line number="48" hits="0" branch="false"/>
            <line number="58" hits="0" branch="false"/>
            <line number="61" hits="0" branch="false"/>
            <line number="64" hits="0" branch="false"/>
            <line number="67" hits="0" branch="false"/>
            <line number="70" hits="0" branch="false"/>
            <line number="73" hits="0" branch="false"/>
            <line number="76" hits="0" branch="false"/>
            <line number="87" hits="2" branch="false"/>
            <line number="92" hits="13" branch="false"/>
            <line number="93" hits="13" branch="false"/>
            <line number="96" hits="13" branch="true" condition-coverage="0% (0/1)"/>
            <line number="97" hits="0" branch="false"/>
            <line number="100" hits="13" branch="true" condition-coverage="0% (0/1)"/>
            <line number="101" hits="0" branch="false"/>
            <line number="109" hits="13" branch="false"/>
            <line number="110" hits="13" branch="false"/>
            <line number="112" hits="0" branch="false"/>
            <line number="118" hits="13" branch="false"/>
            <line number="128" hits="13" branch="false"/>
            <line number="131" hits="13" branch="false"/>
            <line number="134" hits="13" branch="false"/>
            <line number="137" hits="13" branch="false"/>
            <line number="140" hits="13" branch="false"/>
            <line number="143" hits="13" branch="false"/>
            <line number="146" hits="13" branch="false"/>
            <line number="151" hits="13" branch="true" condition-coverage="66.66666666666666% (4/6)"/>
            <line number="155" hits="13" branch="false"/>
            <line number="165" hits="13" branch="false"/>
            <line number="172" hits="13" branch="false"/>
          </lines>
        </class>
        <class name="cleanup-transformer.ts" filename="src/transforms/cleanup-transformer.ts" line-rate="1" branch-rate="1">
          <methods>
            <method name="cleanupObsoleteTypeCasts" hits="25" signature="()V">
              <lines>
                <line number="8" hits="25"/>
              </lines>
            </method>
            <method name="removeJestMockedCasts" hits="25" signature="()V">
              <lines>
                <line number="20" hits="25"/>
              </lines>
            </method>
            <method name="(anonymous_2)" hits="11" signature="()V">
              <lines>
                <line number="32" hits="11"/>
              </lines>
            </method>
            <method name="removeSinonStubbedInstanceCasts" hits="25" signature="()V">
              <lines>
                <line number="42" hits="25"/>
              </lines>
            </method>
            <method name="(anonymous_4)" hits="6" signature="()V">
              <lines>
                <line number="52" hits="6"/>
              </lines>
            </method>
          </methods>
          <lines>
            <line number="8" hits="3" branch="false"/>
            <line number="10" hits="25" branch="false"/>
            <line number="13" hits="25" branch="false"/>
            <line number="21" hits="25" branch="false"/>
            <line number="34" hits="11" branch="false"/>
            <line number="43" hits="25" branch="false"/>
            <line number="54" hits="6" branch="false"/>
          </lines>
        </class>
        <class name="import-transformer.ts" filename="src/transforms/import-transformer.ts" line-rate="0.6890999999999999" branch-rate="0.5925">
          <methods>
            <method name="transformImports" hits="26" signature="()V">
              <lines>
                <line number="11" hits="26"/>
              </lines>
            </method>
            <method name="replaceAutomockImports" hits="26" signature="()V">
              <lines>
                <line number="41" hits="26"/>
              </lines>
            </method>
            <method name="(anonymous_2)" hits="29" signature="()V">
              <lines>
                <line number="48" hits="29"/>
              </lines>
            </method>
            <method name="mergeUnitReferenceImport" hits="26" signature="()V">
              <lines>
                <line number="59" hits="26"/>
              </lines>
            </method>
            <method name="(anonymous_4)" hits="3" signature="()V">
              <lines>
                <line number="70" hits="3"/>
              </lines>
            </method>
            <method name="(anonymous_5)" hits="3" signature="()V">
              <lines>
                <line number="72" hits="3"/>
              </lines>
            </method>
            <method name="transformTypeAnnotations" hits="25" signature="()V">
              <lines>
                <line number="93" hits="25"/>
              </lines>
            </method>
            <method name="(anonymous_7)" hits="22" signature="()V">
              <lines>
                <line number="103" hits="22"/>
              </lines>
            </method>
            <method name="(anonymous_8)" hits="6" signature="()V">
              <lines>
                <line number="121" hits="6"/>
              </lines>
            </method>
            <method name="addMockedImport" hits="12" signature="()V">
              <lines>
                <line number="136" hits="12"/>
              </lines>
            </method>
            <method name="(anonymous_10)" hits="12" signature="()V">
              <lines>
                <line number="171" hits="12"/>
              </lines>
            </method>
            <method name="(anonymous_11)" hits="15" signature="()V">
              <lines>
                <line number="175" hits="15"/>
              </lines>
            </method>
            <method name="addUnitReferenceImport" hits="7" signature="()V">
              <lines>
                <line number="198" hits="7"/>
              </lines>
            </method>
            <method name="(anonymous_13)" hits="7" signature="()V">
              <lines>
                <line number="233" hits="7"/>
              </lines>
            </method>
            <method name="(anonymous_14)" hits="10" signature="()V">
              <lines>
                <line number="237" hits="10"/>
              </lines>
            </method>
          </methods>
          <lines>
            <line number="11" hits="3" branch="false"/>
            <line number="17" hits="26" branch="false"/>
            <line number="20" hits="26" branch="false"/>
            <line number="23" hits="26" branch="true" condition-coverage="100% (1/1)"/>
            <line number="24" hits="25" branch="false"/>
            <line number="28" hits="26" branch="true" condition-coverage="100% (1/1)"/>
            <line number="29" hits="12" branch="false"/>
            <line number="33" hits="26" branch="true" condition-coverage="100% (1/1)"/>
            <line number="34" hits="4" branch="false"/>
            <line number="42" hits="26" branch="false"/>
            <line number="49" hits="29" branch="false"/>
            <line number="50" hits="29" branch="true" condition-coverage="100% (3/3)"/>
            <line number="51" hits="24" branch="false"/>
            <line number="61" hits="26" branch="false"/>
            <line number="67" hits="26" branch="true" condition-coverage="100% (1/1)"/>
            <line number="70" hits="3" branch="false"/>
            <line number="71" hits="3" branch="true" condition-coverage="50% (1/2)"/>
            <line number="72" hits="3" branch="false"/>
            <line number="73" hits="3" branch="true" condition-coverage="100% (1/1)"/>
            <line number="74" hits="3" branch="false"/>
            <line number="76" hits="0" branch="false"/>
            <line number="80" hits="3" branch="true" condition-coverage="100% (1/1)"/>
            <line number="81" hits="3" branch="false"/>
            <line number="85" hits="3" branch="false"/>
            <line number="95" hits="25" branch="false"/>
            <line number="105" hits="22" branch="false"/>
            <line number="106" hits="22" branch="false"/>
            <line number="115" hits="25" branch="false"/>
            <line number="122" hits="6" branch="false"/>
            <line number="123" hits="6" branch="false"/>
            <line number="138" hits="12" branch="false"/>
            <line number="144" hits="12" branch="true" condition-coverage="0% (0/1)"/>
            <line number="146" hits="0" branch="false"/>
            <line number="149" hits="0" branch="false"/>
            <line number="151" hits="0" branch="false"/>
            <line number="157" hits="0" branch="false"/>
            <line number="158" hits="0" branch="true" condition-coverage="0% (0/2)"/>
            <line number="160" hits="0" branch="false"/>
            <line number="163" hits="0" branch="false"/>
            <line number="164" hits="0" branch="true" condition-coverage="0% (0/1)"/>
            <line number="165" hits="0" branch="false"/>
            <line number="168" hits="0" branch="false"/>
            <line number="171" hits="12" branch="false"/>
            <line number="172" hits="12" branch="true" condition-coverage="50% (1/2)"/>
            <line number="175" hits="12" branch="false"/>
            <line number="176" hits="15" branch="true" condition-coverage="100% (1/1)"/>
            <line number="177" hits="15" branch="false"/>
            <line number="179" hits="0" branch="false"/>
            <line number="182" hits="12" branch="true" condition-coverage="100% (1/1)"/>
            <line number="184" hits="11" branch="false"/>
            <line number="187" hits="11" branch="false"/>
            <line number="189" hits="11" branch="false"/>
            <line number="200" hits="7" branch="false"/>
            <line number="206" hits="7" branch="true" condition-coverage="0% (0/1)"/>
            <line number="208" hits="0" branch="false"/>
            <line number="211" hits="0" branch="false"/>
            <line number="213" hits="0" branch="false"/>
            <line number="219" hits="0" branch="false"/>
            <line number="220" hits="0" branch="true" condition-coverage="0% (0/2)"/>
            <line number="222" hits="0" branch="false"/>
            <line number="225" hits="0" branch="false"/>
            <line number="226" hits="0" branch="true" condition-coverage="0% (0/1)"/>
            <line number="227" hits="0" branch="false"/>
            <line number="230" hits="0" branch="false"/>
            <line number="233" hits="7" branch="false"/>
            <line number="234" hits="7" branch="true" condition-coverage="50% (1/2)"/>
            <line number="237" hits="7" branch="false"/>
            <line number="238" hits="10" branch="true" condition-coverage="100% (1/1)"/>
            <line number="239" hits="10" branch="false"/>
            <line number="241" hits="0" branch="false"/>
            <line number="244" hits="7" branch="true" condition-coverage="100% (1/1)"/>
            <line number="246" hits="4" branch="false"/>
            <line number="249" hits="4" branch="false"/>
            <line number="251" hits="4" branch="false"/>
          </lines>
        </class>
        <class name="mock-transformer.ts" filename="src/transforms/mock-transformer.ts" line-rate="0.8411" branch-rate="0.5832999999999999">
          <methods>
            <method name="transformMockConfiguration" hits="32" signature="()V">
              <lines>
                <line number="23" hits="32"/>
              </lines>
            </method>
            <method name="(anonymous_1)" hits="39" signature="()V">
              <lines>
                <line number="29" hits="39"/>
              </lines>
            </method>
            <method name="findUsingCalls" hits="32" signature="()V">
              <lines>
                <line number="49" hits="32"/>
              </lines>
            </method>
            <method name="(anonymous_3)" hits="40" signature="()V">
              <lines>
                <line number="55" hits="40"/>
              </lines>
            </method>
            <method name="findMockCall" hits="79" signature="()V">
              <lines>
                <line number="65" hits="79"/>
              </lines>
            </method>
            <method name="extractDependencyName" hits="39" signature="()V">
              <lines>
                <line number="98" hits="39"/>
              </lines>
            </method>
            <method name="determineNeedsImpl" hits="39" signature="()V">
              <lines>
                <line number="146" hits="39"/>
              </lines>
            </method>
            <method name="checkForStubsInline" hits="13" signature="()V">
              <lines>
                <line number="171" hits="13"/>
              </lines>
            </method>
            <method name="(anonymous_8)" hits="17" signature="()V">
              <lines>
                <line number="189" hits="17"/>
              </lines>
            </method>
            <method name="transformUsingToImplOrFinal" hits="39" signature="()V">
              <lines>
                <line number="222" hits="39"/>
              </lines>
            </method>
            <method name="transformStubsToStubFnCalls" hits="28" signature="()V">
              <lines>
                <line number="266" hits="28"/>
              </lines>
            </method>
            <method name="(anonymous_11)" hits="44" signature="()V">
              <lines>
                <line number="272" hits="44"/>
              </lines>
            </method>
          </methods>
          <lines>
            <line number="3" hits="3" branch="false"/>
            <line number="4" hits="3" branch="false"/>
            <line number="23" hits="3" branch="false"/>
            <line number="29" hits="32" branch="false"/>
            <line number="30" hits="39" branch="false"/>
            <line number="31" hits="39" branch="true" condition-coverage="0% (0/1)"/>
            <line number="33" hits="39" branch="false"/>
            <line number="34" hits="39" branch="true" condition-coverage="0% (0/1)"/>
            <line number="37" hits="39" branch="false"/>
            <line number="41" hits="39" branch="false"/>
            <line number="50" hits="32" branch="false"/>
            <line number="57" hits="40" branch="false"/>
            <line number="58" hits="40" branch="false"/>
            <line number="66" hits="79" branch="false"/>
            <line number="68" hits="79" branch="true" condition-coverage="0% (0/1)"/>
            <line number="69" hits="0" branch="false"/>
            <line number="72" hits="79" branch="false"/>
            <line number="73" hits="79" branch="true" condition-coverage="0% (0/1)"/>
            <line number="74" hits="0" branch="false"/>
            <line number="77" hits="79" branch="false"/>
            <line number="78" hits="79" branch="true" condition-coverage="100% (1/1)"/>
            <line number="79" hits="1" branch="false"/>
            <line number="82" hits="78" branch="false"/>
            <line number="83" hits="78" branch="true" condition-coverage="100% (1/1)"/>
            <line number="84" hits="78" branch="false"/>
            <line number="87" hits="0" branch="false"/>
            <line number="99" hits="39" branch="false"/>
            <line number="100" hits="39" branch="true" condition-coverage="66.66666666666666% (2/3)"/>
            <line number="101" hits="0" branch="false"/>
            <line number="104" hits="39" branch="false"/>
            <line number="105" hits="39" branch="true" condition-coverage="0% (0/1)"/>
            <line number="106" hits="0" branch="false"/>
            <line number="110" hits="39" branch="false"/>
            <line number="111" hits="39" branch="true" condition-coverage="100% (1/1)"/>
            <line number="112" hits="36" branch="false"/>
            <line number="116" hits="3" branch="false"/>
            <line number="117" hits="3" branch="true" condition-coverage="100% (1/1)"/>
            <line number="119" hits="3" branch="true" condition-coverage="100% (1/1)"/>
            <line number="120" hits="3" branch="false"/>
            <line number="125" hits="0" branch="true" condition-coverage="0% (0/1)"/>
            <line number="126" hits="0" branch="false"/>
            <line number="130" hits="0" branch="true" condition-coverage="0% (0/1)"/>
            <line number="131" hits="0" branch="false"/>
            <line number="135" hits="0" branch="true" condition-coverage="0% (0/1)"/>
            <line number="136" hits="0" branch="false"/>
            <line number="139" hits="0" branch="false"/>
            <line number="152" hits="39" branch="false"/>
            <line number="153" hits="39" branch="true" condition-coverage="100% (1/1)"/>
            <line number="154" hits="19" branch="false"/>
            <line number="158" hits="20" branch="false"/>
            <line number="159" hits="20" branch="true" condition-coverage="100% (1/1)"/>
            <line number="160" hits="7" branch="false"/>
            <line number="164" hits="13" branch="false"/>
            <line number="165" hits="13" branch="false"/>
            <line number="172" hits="13" branch="false"/>
            <line number="173" hits="13" branch="true" condition-coverage="66.66666666666666% (2/3)"/>
            <line number="174" hits="0" branch="false"/>
            <line number="177" hits="13" branch="false"/>
            <line number="178" hits="13" branch="true" condition-coverage="0% (0/1)"/>
            <line number="179" hits="0" branch="false"/>
            <line number="183" hits="13" branch="true" condition-coverage="100% (1/1)"/>
            <line number="184" hits="11" branch="false"/>
            <line number="185" hits="11" branch="true" condition-coverage="0% (0/1)"/>
            <line number="186" hits="0" branch="false"/>
            <line number="189" hits="11" branch="false"/>
            <line number="192" hits="17" branch="true" condition-coverage="66.66666666666666% (2/3)"/>
            <line number="193" hits="0" branch="false"/>
            <line number="197" hits="17" branch="false"/>
            <line number="198" hits="17" branch="true" condition-coverage="0% (0/1)"/>
            <line number="199" hits="0" branch="false"/>
            <line number="203" hits="17" branch="true" condition-coverage="100% (1/1)"/>
            <line number="204" hits="2" branch="true" condition-coverage="100% (2/2)"/>
            <line number="205" hits="2" branch="false"/>
            <line number="208" hits="15" branch="false"/>
            <line number="211" hits="11" branch="false"/>
            <line number="214" hits="2" branch="false"/>
            <line number="227" hits="39" branch="false"/>
            <line number="228" hits="39" branch="false"/>
            <line number="230" hits="39" branch="true" condition-coverage="0% (0/1)"/>
            <line number="231" hits="39" branch="true" condition-coverage="66.66666666666666% (2/3)"/>
            <line number="233" hits="39" branch="false"/>
            <line number="234" hits="39" branch="true" condition-coverage="0% (0/1)"/>
            <line number="237" hits="39" branch="true" condition-coverage="100% (2/2)"/>
            <line number="239" hits="39" branch="true" condition-coverage="100% (1/1)"/>
            <line number="241" hits="28" branch="false"/>
            <line number="244" hits="28" branch="true" condition-coverage="0% (0/1)"/>
            <line number="247" hits="28" branch="true" condition-coverage="100% (1/1)"/>
            <line number="248" hits="28" branch="false"/>
            <line number="252" hits="28" branch="false"/>
            <line number="258" hits="28" branch="false"/>
            <line number="267" hits="28" branch="true" condition-coverage="0% (0/1)"/>
            <line number="269" hits="28" branch="false"/>
            <line number="270" hits="28" branch="true" condition-coverage="0% (0/1)"/>
            <line number="272" hits="28" branch="false"/>
            <line number="275" hits="44" branch="true" condition-coverage="66.66666666666666% (2/3)"/>
            <line number="277" hits="44" branch="false"/>
            <line number="278" hits="44" branch="true" condition-coverage="0% (0/1)"/>
            <line number="281" hits="44" branch="true" condition-coverage="100% (1/1)"/>
            <line number="283" hits="42" branch="true" condition-coverage="100% (3/3)"/>
            <line number="284" hits="38" branch="false"/>
            <line number="288" hits="38" branch="false"/>
            <line number="292" hits="4" branch="false"/>
            <line number="293" hits="4" branch="true" condition-coverage="100% (1/1)"/>
            <line number="294" hits="4" branch="false"/>
            <line number="295" hits="4" branch="true" condition-coverage="100% (1/1)"/>
            <line number="296" hits="4" branch="true" condition-coverage="66.66666666666666% (2/3)"/>
            <line number="297" hits="4" branch="false"/>
          </lines>
        </class>
        <class name="testbed-transformer.ts" filename="src/transforms/testbed-transformer.ts" line-rate="0.9285" branch-rate="0.8421">
          <methods>
            <method name="transformTestBed" hits="27" signature="()V">
              <lines>
                <line number="10" hits="27"/>
              </lines>
            </method>
            <method name="replaceCreateWithSolitary" hits="27" signature="()V">
              <lines>
                <line number="21" hits="27"/>
              </lines>
            </method>
            <method name="(anonymous_2)" hits="35" signature="()V">
              <lines>
                <line number="30" hits="35"/>
              </lines>
            </method>
            <method name="addAwaitToCompile" hits="27" signature="()V">
              <lines>
                <line number="42" hits="27"/>
              </lines>
            </method>
            <method name="(anonymous_4)" hits="37" signature="()V">
              <lines>
                <line number="50" hits="37"/>
              </lines>
            </method>
            <method name="isTestBedCompile" hits="37" signature="()V">
              <lines>
                <line number="73" hits="37"/>
              </lines>
            </method>
          </methods>
          <lines>
            <line number="2" hits="3" branch="false"/>
            <line number="10" hits="3" branch="false"/>
            <line number="12" hits="27" branch="false"/>
            <line number="15" hits="27" branch="false"/>
            <line number="22" hits="27" branch="false"/>
            <line number="32" hits="35" branch="false"/>
            <line number="33" hits="35" branch="true" condition-coverage="100% (1/1)"/>
            <line number="34" hits="35" branch="false"/>
            <line number="43" hits="27" branch="false"/>
            <line number="52" hits="37" branch="true" condition-coverage="100% (1/1)"/>
            <line number="53" hits="1" branch="false"/>
            <line number="57" hits="36" branch="true" condition-coverage="100% (3/3)"/>
            <line number="58" hits="2" branch="false"/>
            <line number="62" hits="34" branch="false"/>
            <line number="65" hits="34" branch="false"/>
            <line number="74" hits="37" branch="false"/>
            <line number="77" hits="37" branch="false"/>
            <line number="78" hits="114" branch="true" condition-coverage="100% (2/2)"/>
            <line number="80" hits="113" branch="true" condition-coverage="80% (4/5)"/>
            <line number="81" hits="36" branch="false"/>
            <line number="85" hits="77" branch="true" condition-coverage="80% (4/5)"/>
            <line number="86" hits="76" branch="false"/>
            <line number="87" hits="76" branch="false"/>
            <line number="91" hits="1" branch="false"/>
            <line number="92" hits="1" branch="true" condition-coverage="50% (1/2)"/>
            <line number="94" hits="1" branch="false"/>
            <line number="96" hits="0" branch="false"/>
            <line number="100" hits="0" branch="false"/>
          </lines>
        </class>
      </classes>
    </package>
    <package name="src.utils" line-rate="0.3971" branch-rate="0.377">
      <classes>
        <class name="ast-helpers.ts" filename="src/utils/ast-helpers.ts" line-rate="0.9464" branch-rate="0.8284999999999999">
          <methods>
            <method name="parseSource" hits="0" signature="()V">
              <lines>
                <line number="7" hits="0"/>
              </lines>
            </method>
            <method name="isAwaitExpression" hits="36" signature="()V">
              <lines>
                <line number="14" hits="36"/>
              </lines>
            </method>
            <method name="isUnitRefVariable" hits="61" signature="()V">
              <lines>
                <line number="21" hits="61"/>
              </lines>
            </method>
            <method name="extractDependencyName" hits="60" signature="()V">
              <lines>
                <line number="33" hits="60"/>
              </lines>
            </method>
            <method name="findParentFunction" hits="34" signature="()V">
              <lines>
                <line number="53" hits="34"/>
              </lines>
            </method>
            <method name="makeParentAsync" hits="34" signature="()V">
              <lines>
                <line number="77" hits="34"/>
              </lines>
            </method>
            <method name="wrapWithAwait" hits="34" signature="()V">
              <lines>
                <line number="91" hits="34"/>
              </lines>
            </method>
            <method name="isJestFn" hits="401" signature="()V">
              <lines>
                <line number="99" hits="401"/>
              </lines>
            </method>
            <method name="isSinonStub" hits="343" signature="()V">
              <lines>
                <line number="119" hits="343"/>
              </lines>
            </method>
            <method name="getAllCallExpressions" hits="36" signature="()V">
              <lines>
                <line number="139" hits="36"/>
              </lines>
            </method>
            <method name="hasStubCalls" hits="36" signature="()V">
              <lines>
                <line number="149" hits="36"/>
              </lines>
            </method>
            <method name="(anonymous_11)" hits="29" signature="()V">
              <lines>
                <line number="152" hits="29"/>
              </lines>
            </method>
          </methods>
          <lines>
            <line number="2" hits="9" branch="false"/>
            <line number="7" hits="9" branch="false"/>
            <line number="8" hits="0" branch="false"/>
            <line number="14" hits="9" branch="false"/>
            <line number="15" hits="36" branch="true" condition-coverage="75% (3/4)"/>
            <line number="21" hits="9" branch="false"/>
            <line number="22" hits="61" branch="true" condition-coverage="100% (1/1)"/>
            <line number="23" hits="61" branch="false"/>
            <line number="24" hits="61" branch="true" condition-coverage="100% (3/3)"/>
            <line number="26" hits="0" branch="false"/>
            <line number="33" hits="9" branch="false"/>
            <line number="34" hits="60" branch="true" condition-coverage="0% (0/1)"/>
            <line number="37" hits="60" branch="true" condition-coverage="100% (1/1)"/>
            <line number="38" hits="57" branch="false"/>
            <line number="42" hits="3" branch="true" condition-coverage="66.66666666666666% (2/3)"/>
            <line number="43" hits="3" branch="false"/>
            <line number="44" hits="3" branch="true" condition-coverage="50% (1/2)"/>
            <line number="47" hits="0" branch="false"/>
            <line number="53" hits="9" branch="false"/>
            <line number="57" hits="34" branch="false"/>
            <line number="59" hits="34" branch="false"/>
            <line number="60" hits="126" branch="false"/>
            <line number="61" hits="126" branch="true" condition-coverage="100% (1/1)"/>
            <line number="66" hits="31" branch="false"/>
            <line number="68" hits="95" branch="false"/>
            <line number="71" hits="3" branch="false"/>
            <line number="77" hits="9" branch="false"/>
            <line number="78" hits="34" branch="false"/>
            <line number="80" hits="34" branch="true" condition-coverage="100% (1/1)"/>
            <line number="81" hits="31" branch="false"/>
            <line number="82" hits="31" branch="true" condition-coverage="100% (1/1)"/>
            <line number="83" hits="31" branch="false"/>
            <line number="91" hits="9" branch="false"/>
            <line number="92" hits="34" branch="false"/>
            <line number="93" hits="34" branch="false"/>
            <line number="99" hits="9" branch="false"/>
            <line number="100" hits="401" branch="true" condition-coverage="0% (0/1)"/>
            <line number="102" hits="401" branch="false"/>
            <line number="103" hits="401" branch="true" condition-coverage="100% (1/1)"/>
            <line number="105" hits="326" branch="false"/>
            <line number="106" hits="326" branch="false"/>
            <line number="108" hits="326" branch="false"/>
            <line number="119" hits="9" branch="false"/>
            <line number="120" hits="343" branch="true" condition-coverage="0% (0/1)"/>
            <line number="122" hits="343" branch="false"/>
            <line number="123" hits="343" branch="true" condition-coverage="100% (1/1)"/>
            <line number="125" hits="268" branch="false"/>
            <line number="126" hits="268" branch="false"/>
            <line number="128" hits="268" branch="false"/>
            <line number="139" hits="9" branch="false"/>
            <line number="143" hits="36" branch="false"/>
            <line number="149" hits="9" branch="false"/>
            <line number="150" hits="36" branch="false"/>
            <line number="152" hits="36" branch="false"/>
            <line number="153" hits="29" branch="false"/>
            <line number="154" hits="29" branch="true" condition-coverage="100% (2/2)"/>
          </lines>
        </class>
        <class name="file-processor.ts" filename="src/utils/file-processor.ts" line-rate="0" branch-rate="0">
          <methods>
            <method name="(anonymous_0)" hits="0" signature="()V">
              <lines>
                <line number="13" hits="0"/>
              </lines>
            </method>
            <method name="(anonymous_1)" hits="0" signature="()V">
              <lines>
                <line number="27" hits="0"/>
              </lines>
            </method>
            <method name="(anonymous_2)" hits="0" signature="()V">
              <lines>
                <line number="53" hits="0"/>
              </lines>
            </method>
            <method name="(anonymous_3)" hits="0" signature="()V">
              <lines>
                <line number="55" hits="0"/>
              </lines>
            </method>
            <method name="(anonymous_4)" hits="0" signature="()V">
              <lines>
                <line number="77" hits="0"/>
              </lines>
            </method>
            <method name="(anonymous_5)" hits="0" signature="()V">
              <lines>
                <line number="78" hits="0"/>
              </lines>
            </method>
            <method name="(anonymous_6)" hits="0" signature="()V">
              <lines>
                <line number="84" hits="0"/>
              </lines>
            </method>
            <method name="(anonymous_7)" hits="0" signature="()V">
              <lines>
                <line number="97" hits="0"/>
              </lines>
            </method>
            <method name="(anonymous_8)" hits="0" signature="()V">
              <lines>
                <line number="110" hits="0"/>
              </lines>
            </method>
            <method name="(anonymous_9)" hits="0" signature="()V">
              <lines>
                <line number="111" hits="0"/>
              </lines>
            </method>
            <method name="(anonymous_10)" hits="0" signature="()V">
              <lines>
                <line number="120" hits="0"/>
              </lines>
            </method>
            <method name="(anonymous_11)" hits="0" signature="()V">
              <lines>
                <line number="129" hits="0"/>
              </lines>
            </method>
            <method name="(anonymous_12)" hits="0" signature="()V">
              <lines>
                <line number="134" hits="0"/>
              </lines>
            </method>
          </methods>
          <lines>
            <line number="1" hits="0" branch="false"/>
            <line number="2" hits="0" branch="false"/>
            <line number="3" hits="0" branch="false"/>
            <line number="10" hits="0" branch="false"/>
            <line number="14" hits="0" branch="false"/>
            <line number="28" hits="0" branch="false"/>
            <line number="31" hits="0" branch="true" condition-coverage="0% (0/1)"/>
            <line number="32" hits="0" branch="false"/>
            <line number="35" hits="0" branch="false"/>
            <line number="38" hits="0" branch="true" condition-coverage="0% (0/1)"/>
            <line number="39" hits="0" branch="true" condition-coverage="0% (0/2)"/>
            <line number="43" hits="0" branch="true" condition-coverage="0% (0/1)"/>
            <line number="44" hits="0" branch="false"/>
            <line number="47" hits="0" branch="false"/>
            <line number="54" hits="0" branch="false"/>
            <line number="55" hits="0" branch="false"/>
            <line number="58" hits="0" branch="false"/>
            <line number="60" hits="0" branch="false"/>
            <line number="61" hits="0" branch="false"/>
            <line number="67" hits="0" branch="false"/>
            <line number="71" hits="0" branch="false"/>
            <line number="78" hits="0" branch="false"/>
            <line number="85" hits="0" branch="false"/>
            <line number="86" hits="0" branch="false"/>
            <line number="88" hits="0" branch="false"/>
            <line number="98" hits="0" branch="false"/>
            <line number="99" hits="0" branch="false"/>
            <line number="101" hits="0" branch="false"/>
            <line number="111" hits="0" branch="false"/>
            <line number="112" hits="0" branch="false"/>
            <line number="113" hits="0" branch="false"/>
            <line number="122" hits="0" branch="false"/>
            <line number="123" hits="0" branch="false"/>
            <line number="130" hits="0" branch="false"/>
            <line number="134" hits="0" branch="false"/>
            <line number="136" hits="0" branch="false"/>
          </lines>
        </class>
        <class name="git-safety.ts" filename="src/utils/git-safety.ts" line-rate="0" branch-rate="0">
          <methods>
            <method name="checkGitStatus" hits="0" signature="()V">
              <lines>
                <line number="7" hits="0"/>
              </lines>
            </method>
          </methods>
          <lines>
            <line number="7" hits="0" branch="false"/>
            <line number="8" hits="0" branch="false"/>
            <line number="9" hits="0" branch="false"/>
            <line number="11" hits="0" branch="false"/>
            <line number="14" hits="0" branch="false"/>
            <line number="15" hits="0" branch="false"/>
            <line number="16" hits="0" branch="false"/>
            <line number="19" hits="0" branch="true" condition-coverage="0% (0/5)"/>
            <line number="21" hits="0" branch="false"/>
            <line number="22" hits="0" branch="true" condition-coverage="0% (0/3)"/>
            <line number="24" hits="0" branch="false"/>
            <line number="25" hits="0" branch="false"/>
            <line number="29" hits="0" branch="true" condition-coverage="0% (0/1)"/>
            <line number="30" hits="0" branch="false"/>
            <line number="31" hits="0" branch="false"/>
            <line number="32" hits="0" branch="false"/>
            <line number="33" hits="0" branch="false"/>
            <line number="34" hits="0" branch="false"/>
            <line number="35" hits="0" branch="false"/>
          </lines>
        </class>
        <class name="logger.ts" filename="src/utils/logger.ts" line-rate="0" branch-rate="0">
          <methods>
            <method name="(anonymous_1)" hits="0" signature="()V">
              <lines>
                <line number="8" hits="0"/>
              </lines>
            </method>
            <method name="(anonymous_2)" hits="0" signature="()V">
              <lines>
                <line number="15" hits="0"/>
              </lines>
            </method>
            <method name="(anonymous_3)" hits="0" signature="()V">
              <lines>
                <line number="25" hits="0"/>
              </lines>
            </method>
            <method name="(anonymous_4)" hits="0" signature="()V">
              <lines>
                <line number="34" hits="0"/>
              </lines>
            </method>
            <method name="(anonymous_5)" hits="0" signature="()V">
              <lines>
                <line number="44" hits="0"/>
              </lines>
            </method>
            <method name="(anonymous_6)" hits="0" signature="()V">
              <lines>
                <line number="54" hits="0"/>
              </lines>
            </method>
            <method name="(anonymous_7)" hits="0" signature="()V">
              <lines>
                <line number="64" hits="0"/>
              </lines>
            </method>
            <method name="(anonymous_8)" hits="0" signature="()V">
              <lines>
                <line number="71" hits="0"/>
              </lines>
            </method>
            <method name="(anonymous_9)" hits="0" signature="()V">
              <lines>
                <line number="78" hits="0"/>
              </lines>
            </method>
            <method name="(anonymous_10)" hits="0" signature="()V">
              <lines>
                <line number="85" hits="0"/>
              </lines>
            </method>
            <method name="(anonymous_11)" hits="0" signature="()V">
              <lines>
                <line number="92" hits="0"/>
              </lines>
            </method>
            <method name="(anonymous_12)" hits="0" signature="()V">
              <lines>
                <line number="101" hits="0"/>
              </lines>
            </method>
            <method name="(anonymous_13)" hits="0" signature="()V">
              <lines>
                <line number="108" hits="0"/>
              </lines>
            </method>
            <method name="(anonymous_14)" hits="0" signature="()V">
              <lines>
                <line number="115" hits="0"/>
              </lines>
            </method>
            <method name="(anonymous_15)" hits="0" signature="()V">
              <lines>
                <line number="117" hits="0"/>
              </lines>
            </method>
            <method name="(anonymous_16)" hits="0" signature="()V">
              <lines>
                <line number="125" hits="0"/>
              </lines>
            </method>
            <method name="(anonymous_17)" hits="0" signature="()V">
              <lines>
                <line number="147" hits="0"/>
              </lines>
            </method>
            <method name="(anonymous_18)" hits="0" signature="()V">
              <lines>
                <line number="152" hits="0"/>
              </lines>
            </method>
          </methods>
          <lines>
            <line number="1" hits="0" branch="false"/>
            <line number="2" hits="0" branch="false"/>
            <line number="4" hits="0" branch="false"/>
            <line number="5" hits="0" branch="false"/>
            <line number="9" hits="0" branch="false"/>
            <line number="16" hits="0" branch="true" condition-coverage="0% (0/1)"/>
            <line number="17" hits="0" branch="false"/>
            <line number="19" hits="0" branch="false"/>
            <line number="26" hits="0" branch="true" condition-coverage="0% (0/1)"/>
            <line number="27" hits="0" branch="false"/>
            <line number="35" hits="0" branch="true" condition-coverage="0% (0/1)"/>
            <line number="36" hits="0" branch="false"/>
            <line number="37" hits="0" branch="false"/>
            <line number="45" hits="0" branch="true" condition-coverage="0% (0/1)"/>
            <line number="46" hits="0" branch="false"/>
            <line number="47" hits="0" branch="false"/>
            <line number="55" hits="0" branch="true" condition-coverage="0% (0/1)"/>
            <line number="56" hits="0" branch="false"/>
            <line number="57" hits="0" branch="false"/>
            <line number="65" hits="0" branch="false"/>
            <line number="72" hits="0" branch="false"/>
            <line number="79" hits="0" branch="false"/>
            <line number="86" hits="0" branch="false"/>
            <line number="93" hits="0" branch="true" condition-coverage="0% (0/1)"/>
            <line number="94" hits="0" branch="false"/>
            <line number="102" hits="0" branch="false"/>
            <line number="109" hits="0" branch="false"/>
            <line number="116" hits="0" branch="false"/>
            <line number="117" hits="0" branch="false"/>
            <line number="118" hits="0" branch="false"/>
            <line number="132" hits="0" branch="false"/>
            <line number="133" hits="0" branch="false"/>
            <line number="134" hits="0" branch="false"/>
            <line number="135" hits="0" branch="false"/>
            <line number="136" hits="0" branch="true" condition-coverage="0% (0/1)"/>
            <line number="137" hits="0" branch="false"/>
            <line number="139" hits="0" branch="true" condition-coverage="0% (0/1)"/>
            <line number="140" hits="0" branch="false"/>
            <line number="148" hits="0" branch="false"/>
            <line number="152" hits="0" branch="true" condition-coverage="0% (0/1)"/>
          </lines>
        </class>
        <class name="type-guards.ts" filename="src/utils/type-guards.ts" line-rate="0.5172" branch-rate="0.2982">
          <methods>
            <method name="isCallExpression" hits="888" signature="()V">
              <lines>
                <line number="20" hits="888"/>
              </lines>
            </method>
            <method name="isMemberExpression" hits="945" signature="()V">
              <lines>
                <line number="27" hits="945"/>
              </lines>
            </method>
            <method name="isIdentifier" hits="846" signature="()V">
              <lines>
                <line number="34" hits="846"/>
              </lines>
            </method>
            <method name="isStringLiteral" hits="3" signature="()V">
              <lines>
                <line number="41" hits="3"/>
              </lines>
            </method>
            <method name="isLiteral" hits="0" signature="()V">
              <lines>
                <line number="48" hits="0"/>
              </lines>
            </method>
            <method name="isObjectExpression" hits="69" signature="()V">
              <lines>
                <line number="55" hits="69"/>
              </lines>
            </method>
            <method name="isArrowFunctionExpression" hits="0" signature="()V">
              <lines>
                <line number="62" hits="0"/>
              </lines>
            </method>
            <method name="isTSQualifiedName" hits="0" signature="()V">
              <lines>
                <line number="69" hits="0"/>
              </lines>
            </method>
            <method name="isMethodCall" hits="0" signature="()V">
              <lines>
                <line number="76" hits="0"/>
              </lines>
            </method>
            <method name="isJestFnCall" hits="0" signature="()V">
              <lines>
                <line number="91" hits="0"/>
              </lines>
            </method>
            <method name="isSinonStubCall" hits="0" signature="()V">
              <lines>
                <line number="111" hits="0"/>
              </lines>
            </method>
            <method name="extractStringValue" hits="3" signature="()V">
              <lines>
                <line number="131" hits="3"/>
              </lines>
            </method>
            <method name="extractIdentifierName" hits="117" signature="()V">
              <lines>
                <line number="149" hits="117"/>
              </lines>
            </method>
            <method name="hasNameProperty" hits="0" signature="()V">
              <lines>
                <line number="162" hits="0"/>
              </lines>
            </method>
            <method name="getMemberPropertyName" hits="78" signature="()V">
              <lines>
                <line number="169" hits="78"/>
              </lines>
            </method>
            <method name="getMemberObjectName" hits="0" signature="()V">
              <lines>
                <line number="177" hits="0"/>
              </lines>
            </method>
          </methods>
          <lines>
            <line number="20" hits="9" branch="false"/>
            <line number="21" hits="888" branch="true" condition-coverage="75% (3/4)"/>
            <line number="27" hits="9" branch="false"/>
            <line number="28" hits="945" branch="true" condition-coverage="75% (3/4)"/>
            <line number="34" hits="9" branch="false"/>
            <line number="35" hits="846" branch="true" condition-coverage="75% (3/4)"/>
            <line number="41" hits="9" branch="false"/>
            <line number="42" hits="3" branch="true" condition-coverage="75% (3/4)"/>
            <line number="48" hits="9" branch="false"/>
            <line number="49" hits="0" branch="true" condition-coverage="0% (0/4)"/>
            <line number="55" hits="9" branch="false"/>
            <line number="56" hits="69" branch="true" condition-coverage="75% (3/4)"/>
            <line number="62" hits="9" branch="false"/>
            <line number="63" hits="0" branch="true" condition-coverage="0% (0/4)"/>
            <line number="69" hits="9" branch="false"/>
            <line number="70" hits="0" branch="true" condition-coverage="0% (0/4)"/>
            <line number="76" hits="9" branch="false"/>
            <line number="77" hits="0" branch="true" condition-coverage="0% (0/1)"/>
            <line number="79" hits="0" branch="false"/>
            <line number="80" hits="0" branch="true" condition-coverage="0% (0/1)"/>
            <line number="82" hits="0" branch="false"/>
            <line number="83" hits="0" branch="true" condition-coverage="0% (0/1)"/>
            <line number="85" hits="0" branch="false"/>
            <line number="91" hits="9" branch="false"/>
            <line number="92" hits="0" branch="true" condition-coverage="0% (0/1)"/>
            <line number="94" hits="0" branch="false"/>
            <line number="95" hits="0" branch="true" condition-coverage="0% (0/1)"/>
            <line number="97" hits="0" branch="false"/>
            <line number="98" hits="0" branch="false"/>
            <line number="100" hits="0" branch="false"/>
            <line number="111" hits="9" branch="false"/>
            <line number="112" hits="0" branch="true" condition-coverage="0% (0/1)"/>
            <line number="114" hits="0" branch="false"/>
            <line number="115" hits="0" branch="true" condition-coverage="0% (0/1)"/>
            <line number="117" hits="0" branch="false"/>
            <line number="118" hits="0" branch="false"/>
            <line number="120" hits="0" branch="false"/>
            <line number="131" hits="9" branch="false"/>
            <line number="132" hits="3" branch="true" condition-coverage="0% (0/1)"/>
            <line number="134" hits="3" branch="true" condition-coverage="100% (1/1)"/>
            <line number="135" hits="3" branch="false"/>
            <line number="138" hits="0" branch="true" condition-coverage="0% (0/1)"/>
            <line number="139" hits="0" branch="false"/>
            <line number="140" hits="0" branch="true" condition-coverage="0% (0/2)"/>
            <line number="143" hits="0" branch="false"/>
            <line number="149" hits="9" branch="false"/>
            <line number="150" hits="117" branch="true" condition-coverage="0% (0/1)"/>
            <line number="152" hits="117" branch="true" condition-coverage="100% (1/1)"/>
            <line number="153" hits="114" branch="false"/>
            <line number="156" hits="3" branch="false"/>
            <line number="162" hits="9" branch="false"/>
            <line number="163" hits="0" branch="true" condition-coverage="0% (0/3)"/>
            <line number="169" hits="9" branch="false"/>
            <line number="170" hits="78" branch="false"/>
            <line number="171" hits="78" branch="false"/>
            <line number="177" hits="9" branch="false"/>
            <line number="178" hits="0" branch="false"/>
            <line number="179" hits="0" branch="false"/>
          </lines>
        </class>
      </classes>
    </package>
    <package name="src.validators" line-rate="0.9587" branch-rate="0.7707999999999999">
      <classes>
        <class name="compile-await-validator.ts" filename="src/validators/compile-await-validator.ts" line-rate="1" branch-rate="0.8461">
          <methods>
            <method name="validateCompileAwaited" hits="35" signature="()V">
              <lines>
                <line number="20" hits="35"/>
              </lines>
            </method>
            <method name="(anonymous_1)" hits="269" signature="()V">
              <lines>
                <line number="30" hits="269"/>
              </lines>
            </method>
          </methods>
          <lines>
            <line number="3" hits="4" branch="false"/>
            <line number="20" hits="4" branch="false"/>
            <line number="25" hits="35" branch="false"/>
            <line number="28" hits="35" branch="false"/>
            <line number="31" hits="269" branch="false"/>
            <line number="32" hits="269" branch="false"/>
            <line number="35" hits="269" branch="true" condition-coverage="100% (1/1)"/>
            <line number="37" hits="195" branch="false"/>
            <line number="38" hits="195" branch="false"/>
            <line number="40" hits="195" branch="true" condition-coverage="100% (1/1)"/>
            <line number="44" hits="153" branch="false"/>
            <line number="47" hits="42" branch="true" condition-coverage="75% (3/4)"/>
            <line number="48" hits="42" branch="true" condition-coverage="75% (3/4)"/>
            <line number="50" hits="42" branch="true" condition-coverage="100% (1/1)"/>
            <line number="51" hits="10" branch="false"/>
            <line number="62" hits="35" branch="false"/>
          </lines>
        </class>
        <class name="final-retrieval-validator.ts" filename="src/validators/final-retrieval-validator.ts" line-rate="0.9068999999999999" branch-rate="0.6537999999999999">
          <methods>
            <method name="validateNoFinalRetrieval" hits="39" signature="()V">
              <lines>
                <line number="30" hits="39"/>
              </lines>
            </method>
            <method name="(anonymous_1)" hits="20" signature="()V">
              <lines>
                <line number="47" hits="20"/>
              </lines>
            </method>
            <method name="(anonymous_2)" hits="31" signature="()V">
              <lines>
                <line number="63" hits="31"/>
              </lines>
            </method>
            <method name="(anonymous_3)" hits="18" signature="()V">
              <lines>
                <line number="73" hits="18"/>
              </lines>
            </method>
            <method name="findPrecedingMockCall" hits="20" signature="()V">
              <lines>
                <line number="101" hits="20"/>
              </lines>
            </method>
            <method name="extractDependencyName" hits="38" signature="()V">
              <lines>
                <line number="136" hits="38"/>
              </lines>
            </method>
          </methods>
          <lines>
            <line number="3" hits="4" branch="false"/>
            <line number="4" hits="4" branch="false"/>
            <line number="30" hits="4" branch="false"/>
            <line number="35" hits="39" branch="false"/>
            <line number="38" hits="39" branch="false"/>
            <line number="40" hits="39" branch="false"/>
            <line number="49" hits="20" branch="false"/>
            <line number="51" hits="20" branch="true" condition-coverage="100% (4/4)"/>
            <line number="52" hits="20" branch="false"/>
            <line number="53" hits="20" branch="true" condition-coverage="100% (1/1)"/>
            <line number="54" hits="20" branch="false"/>
            <line number="60" hits="39" branch="false"/>
            <line number="63" hits="39" branch="false"/>
            <line number="64" hits="31" branch="true" condition-coverage="100% (1/1)"/>
            <line number="66" hits="12" branch="false"/>
            <line number="74" hits="18" branch="false"/>
            <line number="75" hits="18" branch="true" condition-coverage="100% (3/3)"/>
            <line number="76" hits="18" branch="false"/>
            <line number="77" hits="18" branch="true" condition-coverage="100% (1/1)"/>
            <line number="78" hits="12" branch="false"/>
            <line number="93" hits="39" branch="false"/>
            <line number="105" hits="20" branch="false"/>
            <line number="107" hits="20" branch="true" condition-coverage="0% (0/1)"/>
            <line number="109" hits="20" branch="false"/>
            <line number="110" hits="20" branch="false"/>
            <line number="112" hits="20" branch="true" condition-coverage="0% (0/1)"/>
            <line number="114" hits="20" branch="false"/>
            <line number="115" hits="20" branch="false"/>
            <line number="117" hits="20" branch="true" condition-coverage="0% (0/1)"/>
            <line number="119" hits="20" branch="false"/>
            <line number="120" hits="20" branch="false"/>
            <line number="122" hits="20" branch="true" condition-coverage="100% (1/1)"/>
            <line number="126" hits="20" branch="false"/>
            <line number="129" hits="0" branch="false"/>
            <line number="137" hits="38" branch="true" condition-coverage="0% (0/1)"/>
            <line number="140" hits="38" branch="true" condition-coverage="100% (1/1)"/>
            <line number="141" hits="33" branch="false"/>
            <line number="145" hits="5" branch="true" condition-coverage="66.66666666666666% (2/3)"/>
            <line number="146" hits="5" branch="false"/>
            <line number="147" hits="5" branch="true" condition-coverage="50% (1/2)"/>
            <line number="151" hits="0" branch="true" condition-coverage="0% (0/3)"/>
            <line number="152" hits="0" branch="false"/>
            <line number="155" hits="0" branch="false"/>
          </lines>
        </class>
        <class name="import-validator.ts" filename="src/validators/import-validator.ts" line-rate="1" branch-rate="1">
          <methods>
            <method name="validateNoAutomockImports" hits="32" signature="()V">
              <lines>
                <line number="20" hits="32"/>
              </lines>
            </method>
            <method name="(anonymous_1)" hits="33" signature="()V">
              <lines>
                <line number="30" hits="33"/>
              </lines>
            </method>
          </methods>
          <lines>
            <line number="3" hits="4" branch="false"/>
            <line number="20" hits="4" branch="false"/>
            <line number="25" hits="32" branch="false"/>
            <line number="28" hits="32" branch="false"/>
            <line number="31" hits="33" branch="false"/>
            <line number="33" hits="33" branch="true" condition-coverage="100% (1/1)"/>
            <line number="34" hits="8" branch="false"/>
            <line number="45" hits="32" branch="false"/>
          </lines>
        </class>
        <class name="stub-replacement-validator.ts" filename="src/validators/stub-replacement-validator.ts" line-rate="1" branch-rate="1">
          <methods>
            <method name="validateStubsReplaced" hits="37" signature="()V">
              <lines>
                <line number="26" hits="37"/>
              </lines>
            </method>
            <method name="(anonymous_1)" hits="304" signature="()V">
              <lines>
                <line number="36" hits="304"/>
              </lines>
            </method>
          </methods>
          <lines>
            <line number="3" hits="4" branch="false"/>
            <line number="4" hits="4" branch="false"/>
            <line number="26" hits="4" branch="false"/>
            <line number="31" hits="37" branch="false"/>
            <line number="34" hits="37" branch="false"/>
            <line number="37" hits="304" branch="false"/>
            <line number="40" hits="304" branch="true" condition-coverage="100% (1/1)"/>
            <line number="41" hits="15" branch="false"/>
            <line number="52" hits="304" branch="true" condition-coverage="100% (1/1)"/>
            <line number="53" hits="3" branch="false"/>
            <line number="64" hits="37" branch="false"/>
          </lines>
        </class>
        <class name="testbed-validator.ts" filename="src/validators/testbed-validator.ts" line-rate="1" branch-rate="1">
          <methods>
            <method name="validateTestBedTransformed" hits="31" signature="()V">
              <lines>
                <line number="20" hits="31"/>
              </lines>
            </method>
            <method name="(anonymous_1)" hits="255" signature="()V">
              <lines>
                <line number="30" hits="255"/>
              </lines>
            </method>
          </methods>
          <lines>
            <line number="3" hits="4" branch="false"/>
            <line number="20" hits="4" branch="false"/>
            <line number="25" hits="31" branch="false"/>
            <line number="28" hits="31" branch="false"/>
            <line number="31" hits="255" branch="false"/>
            <line number="32" hits="255" branch="false"/>
            <line number="35" hits="255" branch="true" condition-coverage="100% (1/1)"/>
            <line number="37" hits="182" branch="false"/>
            <line number="38" hits="182" branch="false"/>
            <line number="39" hits="182" branch="false"/>
            <line number="42" hits="182" branch="true" condition-coverage="100% (1/1)"/>
            <line number="48" hits="7" branch="false"/>
            <line number="59" hits="31" branch="false"/>
          </lines>
        </class>
        <class name="using-validator.ts" filename="src/validators/using-validator.ts" line-rate="1" branch-rate="1">
          <methods>
            <method name="validateUsingTransformed" hits="31" signature="()V">
              <lines>
                <line number="24" hits="31"/>
              </lines>
            </method>
            <method name="(anonymous_1)" hits="7" signature="()V">
              <lines>
                <line number="39" hits="7"/>
              </lines>
            </method>
          </methods>
          <lines>
            <line number="3" hits="4" branch="false"/>
            <line number="24" hits="4" branch="false"/>
            <line number="29" hits="31" branch="false"/>
            <line number="32" hits="31" branch="false"/>
            <line number="40" hits="7" branch="false"/>
            <line number="50" hits="31" branch="false"/>
          </lines>
        </class>
      </classes>
    </package>
  </packages>
</coverage>
